# JRE version: OpenJDK Runtime Environment (11.0.8+10) (build 11.0.8+10-b944.6842174)
# Java VM: OpenJDK 64-Bit Server VM (11.0.8+10-b944.6842174, mixed mode, tiered, compressed oops, g1 gc, windows-amd64)
Heap:
 garbage-first heap   total 212992K, used 111730K [0x0000000080000000, 0x0000000100000000)
  region size 1024K, 7 young (7168K), 2 survivors (2048K)
 Metaspace       used 132275K, capacity 135347K, committed 136704K, reserved 1167360K
  class space    used 16453K, capacity 17574K, committed 17920K, reserved 1048576K
GC Heap History (20 events):
Event: 15280.015 GC heap before
{Heap before GC invocations=111 (full 0):
 garbage-first heap   total 212992K, used 160608K [0x0000000080000000, 0x0000000100000000)
  region size 1024K, 49 young (50176K), 3 survivors (3072K)
 Metaspace       used 131293K, capacity 134389K, committed 135424K, reserved 1167360K
  class space    used 16388K, capacity 17542K, committed 17920K, reserved 1048576K
}
Event: 15280.027 GC heap after
{Heap after GC invocations=112 (full 0):
 garbage-first heap   total 212992K, used 115311K [0x0000000080000000, 0x0000000100000000)
  region size 1024K, 4 young (4096K), 4 survivors (4096K)
 Metaspace       used 131293K, capacity 134389K, committed 135424K, reserved 1167360K
  class space    used 16388K, capacity 17542K, committed 17920K, reserved 1048576K
}
Event: 15280.381 GC heap before
{Heap before GC invocations=112 (full 0):
 garbage-first heap   total 212992K, used 120431K [0x0000000080000000, 0x0000000100000000)
  region size 1024K, 10 young (10240K), 4 survivors (4096K)
 Metaspace       used 131294K, capacity 134389K, committed 135424K, reserved 1167360K
  class space    used 16388K, capacity 17542K, committed 17920K, reserved 1048576K
}
Event: 15280.417 GC heap after
{Heap after GC invocations=113 (full 0):
 garbage-first heap   total 212992K, used 108439K [0x0000000080000000, 0x0000000100000000)
  region size 1024K, 1 young (1024K), 1 survivors (1024K)
 Metaspace       used 131294K, capacity 134389K, committed 135424K, reserved 1167360K
  class space    used 16388K, capacity 17542K, committed 17920K, reserved 1048576K
}
Event: 15284.593 GC heap before
{Heap before GC invocations=113 (full 0):
 garbage-first heap   total 212992K, used 167831K [0x0000000080000000, 0x0000000100000000)
  region size 1024K, 60 young (61440K), 1 survivors (1024K)
 Metaspace       used 131813K, capacity 134875K, committed 135936K, reserved 1167360K
  class space    used 16436K, capacity 17576K, committed 17920K, reserved 1048576K
}
Event: 15284.609 GC heap after
{Heap after GC invocations=114 (full 0):
 garbage-first heap   total 212992K, used 112714K [0x0000000080000000, 0x0000000100000000)
  region size 1024K, 5 young (5120K), 5 survivors (5120K)
 Metaspace       used 131813K, capacity 134875K, committed 135936K, reserved 1167360K
  class space    used 16436K, capacity 17576K, committed 17920K, reserved 1048576K
}
Event: 15286.511 GC heap before
{Heap before GC invocations=115 (full 0):
 garbage-first heap   total 212992K, used 187466K [0x0000000080000000, 0x0000000100000000)
  region size 1024K, 62 young (63488K), 5 survivors (5120K)
 Metaspace       used 132400K, capacity 135554K, committed 136448K, reserved 1167360K
  class space    used 16477K, capacity 17621K, committed 17920K, reserved 1048576K
}
Event: 15286.519 GC heap after
{Heap after GC invocations=116 (full 0):
 garbage-first heap   total 212992K, used 108982K [0x0000000080000000, 0x0000000100000000)
  region size 1024K, 1 young (1024K), 1 survivors (1024K)
 Metaspace       used 132400K, capacity 135554K, committed 136448K, reserved 1167360K
  class space    used 16477K, capacity 17621K, committed 17920K, reserved 1048576K
}
Event: 15715.491 GC heap before
{Heap before GC invocations=116 (full 0):
 garbage-first heap   total 212992K, used 118198K [0x0000000080000000, 0x0000000100000000)
  region size 1024K, 10 young (10240K), 1 survivors (1024K)
 Metaspace       used 132402K, capacity 135554K, committed 136448K, reserved 1167360K
  class space    used 16477K, capacity 17621K, committed 17920K, reserved 1048576K
}
Event: 15715.514 GC heap after
{Heap after GC invocations=117 (full 0):
 garbage-first heap   total 212992K, used 108599K [0x0000000080000000, 0x0000000100000000)
  region size 1024K, 1 young (1024K), 1 survivors (1024K)
 Metaspace       used 132402K, capacity 135554K, committed 136448K, reserved 1167360K
  class space    used 16477K, capacity 17621K, committed 17920K, reserved 1048576K
}
Event: 19473.498 GC heap before
{Heap before GC invocations=117 (full 0):
 garbage-first heap   total 212992K, used 173111K [0x0000000080000000, 0x0000000100000000)
  region size 1024K, 64 young (65536K), 1 survivors (1024K)
 Metaspace       used 132412K, capacity 135618K, committed 136704K, reserved 1167360K
  class space    used 16478K, capacity 17621K, committed 17920K, reserved 1048576K
}
Event: 19473.594 GC heap after
{Heap after GC invocations=118 (full 0):
 garbage-first heap   total 212992K, used 108550K [0x0000000080000000, 0x0000000100000000)
  region size 1024K, 1 young (1024K), 1 survivors (1024K)
 Metaspace       used 132412K, capacity 135618K, committed 136704K, reserved 1167360K
  class space    used 16478K, capacity 17621K, committed 17920K, reserved 1048576K
}
Event: 23463.503 GC heap before
{Heap before GC invocations=119 (full 0):
 garbage-first heap   total 212992K, used 175110K [0x0000000080000000, 0x0000000100000000)
  region size 1024K, 66 young (67584K), 1 survivors (1024K)
 Metaspace       used 131994K, capacity 134954K, committed 136704K, reserved 1167360K
  class space    used 16395K, capacity 17475K, committed 17920K, reserved 1048576K
}
Event: 23463.526 GC heap after
{Heap after GC invocations=120 (full 0):
 garbage-first heap   total 212992K, used 108449K [0x0000000080000000, 0x0000000100000000)
  region size 1024K, 1 young (1024K), 1 survivors (1024K)
 Metaspace       used 131994K, capacity 134954K, committed 136704K, reserved 1167360K
  class space    used 16395K, capacity 17475K, committed 17920K, reserved 1048576K
}
Event: 24009.496 GC heap before
{Heap before GC invocations=120 (full 0):
 garbage-first heap   total 212992K, used 117665K [0x0000000080000000, 0x0000000100000000)
  region size 1024K, 10 young (10240K), 1 survivors (1024K)
 Metaspace       used 131994K, capacity 134954K, committed 136704K, reserved 1167360K
  class space    used 16395K, capacity 17475K, committed 17920K, reserved 1048576K
}
Event: 24009.621 GC heap after
{Heap after GC invocations=121 (full 0):
 garbage-first heap   total 212992K, used 102975K [0x0000000080000000, 0x0000000100000000)
  region size 1024K, 1 young (1024K), 1 survivors (1024K)
 Metaspace       used 131994K, capacity 134954K, committed 136704K, reserved 1167360K
  class space    used 16395K, capacity 17475K, committed 17920K, reserved 1048576K
}
Event: 25344.452 GC heap before
{Heap before GC invocations=121 (full 0):
 garbage-first heap   total 212992K, used 173631K [0x0000000080000000, 0x0000000100000000)
  region size 1024K, 70 young (71680K), 1 survivors (1024K)
 Metaspace       used 132211K, capacity 135271K, committed 136704K, reserved 1167360K
  class space    used 16436K, capacity 17549K, committed 17920K, reserved 1048576K
}
Event: 25346.434 GC heap after
{Heap after GC invocations=122 (full 0):
 garbage-first heap   total 212992K, used 106325K [0x0000000080000000, 0x0000000100000000)
  region size 1024K, 4 young (4096K), 4 survivors (4096K)
 Metaspace       used 132211K, capacity 135271K, committed 136704K, reserved 1167360K
  class space    used 16436K, capacity 17549K, committed 17920K, reserved 1048576K
}
Event: 25353.523 GC heap before
{Heap before GC invocations=123 (full 0):
 garbage-first heap   total 212992K, used 112469K [0x0000000080000000, 0x0000000100000000)
  region size 1024K, 10 young (10240K), 4 survivors (4096K)
 Metaspace       used 132224K, capacity 135271K, committed 136704K, reserved 1167360K
  class space    used 16436K, capacity 17549K, committed 17920K, reserved 1048576K
}
Event: 25353.568 GC heap after
{Heap after GC invocations=124 (full 0):
 garbage-first heap   total 212992K, used 107634K [0x0000000080000000, 0x0000000100000000)
  region size 1024K, 2 young (2048K), 2 survivors (2048K)
 Metaspace       used 132224K, capacity 135271K, committed 136704K, reserved 1167360K
  class space    used 16436K, capacity 17549K, committed 17920K, reserved 1048576K
}

